Warning[207] C:\MSTAR\MICROSTAR\PIC18FVERSION\COMMS.ASM 9 : Found label after column 1. (MOVLB)
Error[122]   C:\MSTAR\MICROSTAR\PIC18FVERSION\COMMS.ASM 9 : Illegal opcode (HIGH)
Warning[207] C:\MSTAR\MICROSTAR\PIC18FVERSION\COMMS.ASM 10 : Found label after column 1. (MOVLW)
Error[108]   C:\MSTAR\MICROSTAR\PIC18FVERSION\COMMS.ASM 10 : Illegal character (3)
Warning[207] C:\MSTAR\MICROSTAR\PIC18FVERSION\COMMS.ASM 11 : Found label after column 1. (CPFSEQ)
Error[122]   C:\MSTAR\MICROSTAR\PIC18FVERSION\COMMS.ASM 11 : Illegal opcode (Cmd)
Warning[207] C:\MSTAR\MICROSTAR\PIC18FVERSION\COMMS.ASM 12 : Found label after column 1. (GOTO)
Error[122]   C:\MSTAR\MICROSTAR\PIC18FVERSION\COMMS.ASM 12 : Illegal opcode (Not31)
Warning[207] C:\MSTAR\MICROSTAR\PIC18FVERSION\COMMS.ASM 14 : Found label after column 1. (CALL)
Error[122]   C:\MSTAR\MICROSTAR\PIC18FVERSION\COMMS.ASM 14 : Illegal opcode (LoadGeneral)
Warning[207] C:\MSTAR\MICROSTAR\PIC18FVERSION\COMMS.ASM 15 : Found label after column 1. (GOTO)
Error[122]   C:\MSTAR\MICROSTAR\PIC18FVERSION\COMMS.ASM 15 : Illegal opcode (CmdEnd)
Warning[207] C:\MSTAR\MICROSTAR\PIC18FVERSION\COMMS.ASM 17 : Found label after column 1. (MOVLW)
Error[108]   C:\MSTAR\MICROSTAR\PIC18FVERSION\COMMS.ASM 17 : Illegal character (3)
Warning[207] C:\MSTAR\MICROSTAR\PIC18FVERSION\COMMS.ASM 18 : Found label after column 1. (CPFSEQ)
Error[122]   C:\MSTAR\MICROSTAR\PIC18FVERSION\COMMS.ASM 18 : Illegal opcode (Cmd)
Warning[207] C:\MSTAR\MICROSTAR\PIC18FVERSION\COMMS.ASM 19 : Found label after column 1. (GOTO)
Error[122]   C:\MSTAR\MICROSTAR\PIC18FVERSION\COMMS.ASM 19 : Illegal opcode (Not32)
Warning[207] C:\MSTAR\MICROSTAR\PIC18FVERSION\COMMS.ASM 21 : Found label after column 1. (MOVFF)
Error[122]   C:\MSTAR\MICROSTAR\PIC18FVERSION\COMMS.ASM 21 : Illegal opcode (Aircraft)
Warning[207] C:\MSTAR\MICROSTAR\PIC18FVERSION\COMMS.ASM 22 : Found label after column 1. (CALL)
Error[122]   C:\MSTAR\MICROSTAR\PIC18FVERSION\COMMS.ASM 22 : Illegal opcode (LoadAircraft)
Warning[207] C:\MSTAR\MICROSTAR\PIC18FVERSION\COMMS.ASM 23 : Found label after column 1. (GOTO)
Error[122]   C:\MSTAR\MICROSTAR\PIC18FVERSION\COMMS.ASM 23 : Illegal opcode (CmdEnd)
Warning[207] C:\MSTAR\MICROSTAR\PIC18FVERSION\COMMS.ASM 25 : Found label after column 1. (MOVLW)
Error[108]   C:\MSTAR\MICROSTAR\PIC18FVERSION\COMMS.ASM 25 : Illegal character (3)
Warning[207] C:\MSTAR\MICROSTAR\PIC18FVERSION\COMMS.ASM 26 : Found label after column 1. (CPFSEQ)
Error[122]   C:\MSTAR\MICROSTAR\PIC18FVERSION\COMMS.ASM 26 : Illegal opcode (Cmd)
Warning[207] C:\MSTAR\MICROSTAR\PIC18FVERSION\COMMS.ASM 27 : Found label after column 1. (GOTO)
Error[122]   C:\MSTAR\MICROSTAR\PIC18FVERSION\COMMS.ASM 27 : Illegal opcode (Not33)
Warning[207] C:\MSTAR\MICROSTAR\PIC18FVERSION\COMMS.ASM 29 : Found label after column 1. (CALL)
Error[122]   C:\MSTAR\MICROSTAR\PIC18FVERSION\COMMS.ASM 29 : Illegal opcode (SaveGeneral)
Warning[207] C:\MSTAR\MICROSTAR\PIC18FVERSION\COMMS.ASM 30 : Found label after column 1. (GOTO)
Error[122]   C:\MSTAR\MICROSTAR\PIC18FVERSION\COMMS.ASM 30 : Illegal opcode (CmdEnd)
Warning[207] C:\MSTAR\MICROSTAR\PIC18FVERSION\COMMS.ASM 32 : Found label after column 1. (MOVLW)
Error[108]   C:\MSTAR\MICROSTAR\PIC18FVERSION\COMMS.ASM 32 : Illegal character (3)
Warning[207] C:\MSTAR\MICROSTAR\PIC18FVERSION\COMMS.ASM 33 : Found label after column 1. (CPFSEQ)
Error[122]   C:\MSTAR\MICROSTAR\PIC18FVERSION\COMMS.ASM 33 : Illegal opcode (Cmd)
Warning[207] C:\MSTAR\MICROSTAR\PIC18FVERSION\COMMS.ASM 34 : Found label after column 1. (GOTO)
Error[122]   C:\MSTAR\MICROSTAR\PIC18FVERSION\COMMS.ASM 34 : Illegal opcode (Not34)
Warning[207] C:\MSTAR\MICROSTAR\PIC18FVERSION\COMMS.ASM 36 : Found label after column 1. (MOVFF)
Error[122]   C:\MSTAR\MICROSTAR\PIC18FVERSION\COMMS.ASM 36 : Illegal opcode (Aircraft)
Warning[207] C:\MSTAR\MICROSTAR\PIC18FVERSION\COMMS.ASM 37 : Found label after column 1. (CALL)
Error[122]   C:\MSTAR\MICROSTAR\PIC18FVERSION\COMMS.ASM 37 : Illegal opcode (SaveAircraft)
Warning[207] C:\MSTAR\MICROSTAR\PIC18FVERSION\COMMS.ASM 39 : Found label after column 1. (MOVLW)
Error[108]   C:\MSTAR\MICROSTAR\PIC18FVERSION\COMMS.ASM 39 : Illegal character (3)
Warning[207] C:\MSTAR\MICROSTAR\PIC18FVERSION\COMMS.ASM 41 : Found label after column 1. (CPFSEQ)
Error[122]   C:\MSTAR\MICROSTAR\PIC18FVERSION\COMMS.ASM 41 : Illegal opcode (Cmd)
Warning[207] C:\MSTAR\MICROSTAR\PIC18FVERSION\COMMS.ASM 42 : Found label after column 1. (GOTO)
Error[122]   C:\MSTAR\MICROSTAR\PIC18FVERSION\COMMS.ASM 42 : Illegal opcode (CmdEnd)
Warning[207] C:\MSTAR\MICROSTAR\PIC18FVERSION\COMMS.ASM 45 : Found label after column 1. (MOVEC)
Error[122]   C:\MSTAR\MICROSTAR\PIC18FVERSION\COMMS.ASM 45 : Illegal opcode (D)
Warning[207] C:\MSTAR\MICROSTAR\PIC18FVERSION\COMMS.ASM 46 : Found label after column 1. (MOVFF)
Error[122]   C:\MSTAR\MICROSTAR\PIC18FVERSION\COMMS.ASM 46 : Illegal opcode (WREG)
Warning[207] C:\MSTAR\MICROSTAR\PIC18FVERSION\COMMS.ASM 47 : Found label after column 1. (MOVLW)
Error[108]   C:\MSTAR\MICROSTAR\PIC18FVERSION\COMMS.ASM 47 : Illegal character (0)
Warning[207] C:\MSTAR\MICROSTAR\PIC18FVERSION\COMMS.ASM 48 : Found label after column 1. (CALL)
Error[122]   C:\MSTAR\MICROSTAR\PIC18FVERSION\COMMS.ASM 48 : Illegal opcode (EEPROMwriteByte)
Warning[207] C:\MSTAR\MICROSTAR\PIC18FVERSION\COMMS.ASM 49 : Found label after column 1. (GOTO)
Error[122]   C:\MSTAR\MICROSTAR\PIC18FVERSION\COMMS.ASM 49 : Illegal opcode (CmdEnd)
Warning[207] C:\MSTAR\MICROSTAR\PIC18FVERSION\COMMS.ASM 51 : Found label after column 1. (CLRF)
Error[122]   C:\MSTAR\MICROSTAR\PIC18FVERSION\COMMS.ASM 51 : Illegal opcode (Cmd)
Warning[207] C:\MSTAR\MICROSTAR\PIC18FVERSION\COMMS.ASM 52 : Found label after column 1. (RETURN)
Warning[207] C:\MSTAR\MICROSTAR\PIC18FVERSION\COMMS.ASM 57 : Found label after column 1. (MOVLB)
Error[122]   C:\MSTAR\MICROSTAR\PIC18FVERSION\COMMS.ASM 57 : Illegal opcode (HIGH)
Warning[207] C:\MSTAR\MICROSTAR\PIC18FVERSION\COMMS.ASM 58 : Found label after column 1. (BTFSS)
Error[122]   C:\MSTAR\MICROSTAR\PIC18FVERSION\COMMS.ASM 58 : Illegal opcode (RCSTA1)
Warning[207] C:\MSTAR\MICROSTAR\PIC18FVERSION\COMMS.ASM 59 : Found label after column 1. (RETURN)
Warning[207] C:\MSTAR\MICROSTAR\PIC18FVERSION\COMMS.ASM 61 : Found label after column 1. (BCF)
Error[122]   C:\MSTAR\MICROSTAR\PIC18FVERSION\COMMS.ASM 61 : Illegal opcode (RCSTA1)
Warning[207] C:\MSTAR\MICROSTAR\PIC18FVERSION\COMMS.ASM 62 : Found label after column 1. (BSF)
Error[122]   C:\MSTAR\MICROSTAR\PIC18FVERSION\COMMS.ASM 62 : Illegal opcode (RCSTA1)
Warning[207] C:\MSTAR\MICROSTAR\PIC18FVERSION\COMMS.ASM 64 : Found label after column 1. (MOVLB)
Error[122]   C:\MSTAR\MICROSTAR\PIC18FVERSION\COMMS.ASM 64 : Illegal opcode (HIGH)
Warning[207] C:\MSTAR\MICROSTAR\PIC18FVERSION\COMMS.ASM 65 : Found label after column 1. (MOVF)
Error[122]   C:\MSTAR\MICROSTAR\PIC18FVERSION\COMMS.ASM 65 : Illegal opcode (RCREG1)
Warning[207] C:\MSTAR\MICROSTAR\PIC18FVERSION\COMMS.ASM 67 : Found label after column 1. (MOVLB)
Error[122]   C:\MSTAR\MICROSTAR\PIC18FVERSION\COMMS.ASM 67 : Illegal opcode (HIGH)
Warning[207] C:\MSTAR\MICROSTAR\PIC18FVERSION\COMMS.ASM 68 : Found label after column 1. (CLRF)
Error[122]   C:\MSTAR\MICROSTAR\PIC18FVERSION\COMMS.ASM 68 : Illegal opcode (MessState)
Warning[207] C:\MSTAR\MICROSTAR\PIC18FVERSION\COMMS.ASM 69 : Found label after column 1. (RETURN)
Warning[207] C:\MSTAR\MICROSTAR\PIC18FVERSION\COMMS.ASM 72 : Found label after column 1. (MOVLB)
Error[122]   C:\MSTAR\MICROSTAR\PIC18FVERSION\COMMS.ASM 72 : Illegal opcode (HIGH)
Warning[207] C:\MSTAR\MICROSTAR\PIC18FVERSION\COMMS.ASM 73 : Found label after column 1. (BTFSS)
Error[122]   C:\MSTAR\MICROSTAR\PIC18FVERSION\COMMS.ASM 73 : Illegal opcode (RCSTA2)
Warning[207] C:\MSTAR\MICROSTAR\PIC18FVERSION\COMMS.ASM 74 : Found label after column 1. (RETURN)
Warning[207] C:\MSTAR\MICROSTAR\PIC18FVERSION\COMMS.ASM 76 : Found label after column 1. (BCF)
Error[122]   C:\MSTAR\MICROSTAR\PIC18FVERSION\COMMS.ASM 76 : Illegal opcode (RCSTA2)
Warning[207] C:\MSTAR\MICROSTAR\PIC18FVERSION\COMMS.ASM 77 : Found label after column 1. (BSF)
Error[122]   C:\MSTAR\MICROSTAR\PIC18FVERSION\COMMS.ASM 77 : Illegal opcode (RCSTA2)
Warning[207] C:\MSTAR\MICROSTAR\PIC18FVERSION\COMMS.ASM 79 : Found label after column 1. (MOVLB)
Error[122]   C:\MSTAR\MICROSTAR\PIC18FVERSION\COMMS.ASM 79 : Illegal opcode (HIGH)
Warning[207] C:\MSTAR\MICROSTAR\PIC18FVERSION\COMMS.ASM 80 : Found label after column 1. (MOVF)
Error[122]   C:\MSTAR\MICROSTAR\PIC18FVERSION\COMMS.ASM 80 : Illegal opcode (RCREG2)
Warning[207] C:\MSTAR\MICROSTAR\PIC18FVERSION\COMMS.ASM 81 : Found label after column 1. (RETURN)
Warning[207] C:\MSTAR\MICROSTAR\PIC18FVERSION\COMMS.ASM 88 : Found label after column 1. (MOVLW)
Error[122]   C:\MSTAR\MICROSTAR\PIC18FVERSION\COMMS.ASM 88 : Illegal opcode (D)
Warning[207] C:\MSTAR\MICROSTAR\PIC18FVERSION\COMMS.ASM 89 : Found label after column 1. (MOVFF)
Error[122]   C:\MSTAR\MICROSTAR\PIC18FVERSION\COMMS.ASM 89 : Illegal opcode (WREG)
Warning[207] C:\MSTAR\MICROSTAR\PIC18FVERSION\COMMS.ASM 91 : Found label after column 1. (MOVLW)
Error[108]   C:\MSTAR\MICROSTAR\PIC18FVERSION\COMMS.ASM 91 : Illegal character (2)
Warning[207] C:\MSTAR\MICROSTAR\PIC18FVERSION\COMMS.ASM 92 : Found label after column 1. (MOVFF)
Error[122]   C:\MSTAR\MICROSTAR\PIC18FVERSION\COMMS.ASM 92 : Illegal opcode (WREG)
Warning[207] C:\MSTAR\MICROSTAR\PIC18FVERSION\COMMS.ASM 94 : Found label after column 1. (MOVLW)
Error[108]   C:\MSTAR\MICROSTAR\PIC18FVERSION\COMMS.ASM 94 : Illegal character (9)
Warning[207] C:\MSTAR\MICROSTAR\PIC18FVERSION\COMMS.ASM 95 : Found label after column 1. (MOVFF)
Error[122]   C:\MSTAR\MICROSTAR\PIC18FVERSION\COMMS.ASM 95 : Illegal opcode (WREG)
Warning[207] C:\MSTAR\MICROSTAR\PIC18FVERSION\COMMS.ASM 97 : Found label after column 1. (MOVLB)
Error[122]   C:\MSTAR\MICROSTAR\PIC18FVERSION\COMMS.ASM 97 : Illegal opcode (HIGH)
Warning[207] C:\MSTAR\MICROSTAR\PIC18FVERSION\COMMS.ASM 98 : Found label after column 1. (CLRF)
Error[122]   C:\MSTAR\MICROSTAR\PIC18FVERSION\COMMS.ASM 98 : Illegal opcode (MessState)
Warning[207] C:\MSTAR\MICROSTAR\PIC18FVERSION\COMMS.ASM 100 : Found label after column 1. (BCF)
Error[122]   C:\MSTAR\MICROSTAR\PIC18FVERSION\COMMS.ASM 100 : Illegal opcode (IPR1)
Warning[207] C:\MSTAR\MICROSTAR\PIC18FVERSION\COMMS.ASM 101 : Found label after column 1. (BSF)
Error[122]   C:\MSTAR\MICROSTAR\PIC18FVERSION\COMMS.ASM 101 : Illegal opcode (PIE1)
Warning[207] C:\MSTAR\MICROSTAR\PIC18FVERSION\COMMS.ASM 102 : Found label after column 1. (RETURN)
Warning[207] C:\MSTAR\MICROSTAR\PIC18FVERSION\COMMS.ASM 107 : Found label after column 1. (BTFSS)
Error[122]   C:\MSTAR\MICROSTAR\PIC18FVERSION\COMMS.ASM 107 : Illegal opcode (TXSTA1)
Warning[207] C:\MSTAR\MICROSTAR\PIC18FVERSION\COMMS.ASM 108 : Found label after column 1. (GOTO)
Error[122]   C:\MSTAR\MICROSTAR\PIC18FVERSION\COMMS.ASM 108 : Illegal opcode (USC1)
Warning[207] C:\MSTAR\MICROSTAR\PIC18FVERSION\COMMS.ASM 110 : Found label after column 1. (MOVFF)
Error[122]   C:\MSTAR\MICROSTAR\PIC18FVERSION\COMMS.ASM 110 : Illegal opcode (WREG)
Warning[207] C:\MSTAR\MICROSTAR\PIC18FVERSION\COMMS.ASM 111 : Found label after column 1. (RETURN)
Warning[207] C:\MSTAR\MICROSTAR\PIC18FVERSION\COMMS.ASM 117 : Found label after column 1. (MOVLW)
Error[122]   C:\MSTAR\MICROSTAR\PIC18FVERSION\COMMS.ASM 117 : Illegal opcode (D)
Warning[207] C:\MSTAR\MICROSTAR\PIC18FVERSION\COMMS.ASM 118 : Found label after column 1. (MOVFF)
Error[122]   C:\MSTAR\MICROSTAR\PIC18FVERSION\COMMS.ASM 118 : Illegal opcode (WREG)
Warning[207] C:\MSTAR\MICROSTAR\PIC18FVERSION\COMMS.ASM 120 : Found label after column 1. (MOVLW)
Error[108]   C:\MSTAR\MICROSTAR\PIC18FVERSION\COMMS.ASM 120 : Illegal character (2)
Warning[207] C:\MSTAR\MICROSTAR\PIC18FVERSION\COMMS.ASM 121 : Found label after column 1. (MOVFF)
Error[122]   C:\MSTAR\MICROSTAR\PIC18FVERSION\COMMS.ASM 121 : Illegal opcode (WREG)
Warning[207] C:\MSTAR\MICROSTAR\PIC18FVERSION\COMMS.ASM 123 : Found label after column 1. (MOVLW)
Error[108]   C:\MSTAR\MICROSTAR\PIC18FVERSION\COMMS.ASM 123 : Illegal character (9)
Warning[207] C:\MSTAR\MICROSTAR\PIC18FVERSION\COMMS.ASM 124 : Found label after column 1. (MOVFF)
Error[122]   C:\MSTAR\MICROSTAR\PIC18FVERSION\COMMS.ASM 124 : Illegal opcode (WREG)
Warning[207] C:\MSTAR\MICROSTAR\PIC18FVERSION\COMMS.ASM 126 : Found label after column 1. (BCF)
Error[122]   C:\MSTAR\MICROSTAR\PIC18FVERSION\COMMS.ASM 126 : Illegal opcode (IPR3)
Warning[207] C:\MSTAR\MICROSTAR\PIC18FVERSION\COMMS.ASM 127 : Found label after column 1. (BSF)
Error[122]   C:\MSTAR\MICROSTAR\PIC18FVERSION\COMMS.ASM 127 : Illegal opcode (PIE3)
Warning[207] C:\MSTAR\MICROSTAR\PIC18FVERSION\COMMS.ASM 128 : Found label after column 1. (RETURN)
Warning[207] C:\MSTAR\MICROSTAR\PIC18FVERSION\COMMS.ASM 133 : Found label after column 1. (BTFSS)
Error[122]   C:\MSTAR\MICROSTAR\PIC18FVERSION\COMMS.ASM 133 : Illegal opcode (TXSTA2)
Warning[207] C:\MSTAR\MICROSTAR\PIC18FVERSION\COMMS.ASM 134 : Found label after column 1. (GOTO)
Error[122]   C:\MSTAR\MICROSTAR\PIC18FVERSION\COMMS.ASM 134 : Illegal opcode (USC2)
Warning[207] C:\MSTAR\MICROSTAR\PIC18FVERSION\COMMS.ASM 136 : Found label after column 1. (MOVFF)
Error[122]   C:\MSTAR\MICROSTAR\PIC18FVERSION\COMMS.ASM 136 : Illegal opcode (WREG)
Warning[207] C:\MSTAR\MICROSTAR\PIC18FVERSION\COMMS.ASM 137 : Found label after column 1. (RETURN)
Warning[207] C:\MSTAR\MICROSTAR\PIC18FVERSION\COMMS.ASM 151 : Found label after column 1. (MOVFF)
Error[122]   C:\MSTAR\MICROSTAR\PIC18FVERSION\COMMS.ASM 151 : Illegal opcode (FSR1L)
Warning[207] C:\MSTAR\MICROSTAR\PIC18FVERSION\COMMS.ASM 152 : Found label after column 1. (MOVFF)
Error[122]   C:\MSTAR\MICROSTAR\PIC18FVERSION\COMMS.ASM 152 : Illegal opcode (FSR1H)
Warning[207] C:\MSTAR\MICROSTAR\PIC18FVERSION\COMMS.ASM 154 : Found label after column 1. (MOVLB)
Error[122]   C:\MSTAR\MICROSTAR\PIC18FVERSION\COMMS.ASM 154 : Illegal opcode (HIGH)
Warning[207] C:\MSTAR\MICROSTAR\PIC18FVERSION\COMMS.ASM 155 : Found label after column 1. (MOVFF)
Error[122]   C:\MSTAR\MICROSTAR\PIC18FVERSION\COMMS.ASM 155 : Illegal opcode (MessLoc)
Warning[207] C:\MSTAR\MICROSTAR\PIC18FVERSION\COMMS.ASM 156 : Found label after column 1. (MOVLB)
Error[122]   C:\MSTAR\MICROSTAR\PIC18FVERSION\COMMS.ASM 156 : Illegal opcode (HIGH)
Warning[207] C:\MSTAR\MICROSTAR\PIC18FVERSION\COMMS.ASM 157 : Found label after column 1. (MOVFF)
Error[122]   C:\MSTAR\MICROSTAR\PIC18FVERSION\COMMS.ASM 157 : Illegal opcode (MessBank)
Warning[207] C:\MSTAR\MICROSTAR\PIC18FVERSION\COMMS.ASM 158 : Found label after column 1. (CLRF)
Error[122]   C:\MSTAR\MICROSTAR\PIC18FVERSION\COMMS.ASM 158 : Illegal opcode (CheckSum)
Warning[207] C:\MSTAR\MICROSTAR\PIC18FVERSION\COMMS.ASM 161 : Found label after column 1. (BTFSS)
Error[122]   C:\MSTAR\MICROSTAR\PIC18FVERSION\COMMS.ASM 161 : Illegal opcode (TXSTA1)
Warning[207] C:\MSTAR\MICROSTAR\PIC18FVERSION\COMMS.ASM 162 : Found label after column 1. (GOTO)
Error[122]   C:\MSTAR\MICROSTAR\PIC18FVERSION\COMMS.ASM 162 : Illegal opcode (US1)
Warning[207] C:\MSTAR\MICROSTAR\PIC18FVERSION\COMMS.ASM 164 : Found label after column 1. (MOVFF)
Error[122]   C:\MSTAR\MICROSTAR\PIC18FVERSION\COMMS.ASM 164 : Illegal opcode (POSTINC1)
Warning[207] C:\MSTAR\MICROSTAR\PIC18FVERSION\COMMS.ASM 165 : Found label after column 1. (MOVLB)
Error[122]   C:\MSTAR\MICROSTAR\PIC18FVERSION\COMMS.ASM 165 : Illegal opcode (HIGH)
Warning[207] C:\MSTAR\MICROSTAR\PIC18FVERSION\COMMS.ASM 166 : Found label after column 1. (ADDWF)
Error[122]   C:\MSTAR\MICROSTAR\PIC18FVERSION\COMMS.ASM 166 : Illegal opcode (CheckSum)
Warning[207] C:\MSTAR\MICROSTAR\PIC18FVERSION\COMMS.ASM 167 : Found label after column 1. (MOVFF)
Error[122]   C:\MSTAR\MICROSTAR\PIC18FVERSION\COMMS.ASM 167 : Illegal opcode (WREG)
Warning[207] C:\MSTAR\MICROSTAR\PIC18FVERSION\COMMS.ASM 169 : Found label after column 1. (MOVLB)
Error[122]   C:\MSTAR\MICROSTAR\PIC18FVERSION\COMMS.ASM 169 : Illegal opcode (HIGH)
Warning[207] C:\MSTAR\MICROSTAR\PIC18FVERSION\COMMS.ASM 170 : Found label after column 1. (DECFSZ)
Error[122]   C:\MSTAR\MICROSTAR\PIC18FVERSION\COMMS.ASM 170 : Illegal opcode (MessLen)
Warning[207] C:\MSTAR\MICROSTAR\PIC18FVERSION\COMMS.ASM 171 : Found label after column 1. (GOTO)
Error[122]   C:\MSTAR\MICROSTAR\PIC18FVERSION\COMMS.ASM 171 : Illegal opcode (US1)
Warning[207] C:\MSTAR\MICROSTAR\PIC18FVERSION\COMMS.ASM 173 : Found label after column 1. (MOVFF)
Error[122]   C:\MSTAR\MICROSTAR\PIC18FVERSION\COMMS.ASM 173 : Illegal opcode (FSR1Lsave)
Warning[207] C:\MSTAR\MICROSTAR\PIC18FVERSION\COMMS.ASM 174 : Found label after column 1. (MOVFF)
Error[122]   C:\MSTAR\MICROSTAR\PIC18FVERSION\COMMS.ASM 174 : Illegal opcode (FSR1Hsave)
Warning[207] C:\MSTAR\MICROSTAR\PIC18FVERSION\COMMS.ASM 175 : Found label after column 1. (RETURN)
Warning[207] C:\MSTAR\MICROSTAR\PIC18FVERSION\COMMS.ASM 189 : Found label after column 1. (MOVFF)
Error[122]   C:\MSTAR\MICROSTAR\PIC18FVERSION\COMMS.ASM 189 : Illegal opcode (FSR1L)
Warning[207] C:\MSTAR\MICROSTAR\PIC18FVERSION\COMMS.ASM 190 : Found label after column 1. (MOVFF)
Error[122]   C:\MSTAR\MICROSTAR\PIC18FVERSION\COMMS.ASM 190 : Illegal opcode (FSR1H)
Warning[207] C:\MSTAR\MICROSTAR\PIC18FVERSION\COMMS.ASM 192 : Found label after column 1. (MOVLB)
Error[122]   C:\MSTAR\MICROSTAR\PIC18FVERSION\COMMS.ASM 192 : Illegal opcode (HIGH)
Warning[207] C:\MSTAR\MICROSTAR\PIC18FVERSION\COMMS.ASM 193 : Found label after column 1. (MOVFF)
Error[122]   C:\MSTAR\MICROSTAR\PIC18FVERSION\COMMS.ASM 193 : Illegal opcode (MessLoc)
Warning[207] C:\MSTAR\MICROSTAR\PIC18FVERSION\COMMS.ASM 194 : Found label after column 1. (MOVLB)
Error[122]   C:\MSTAR\MICROSTAR\PIC18FVERSION\COMMS.ASM 194 : Illegal opcode (HIGH)
Warning[207] C:\MSTAR\MICROSTAR\PIC18FVERSION\COMMS.ASM 195 : Found label after column 1. (MOVFF)
Error[122]   C:\MSTAR\MICROSTAR\PIC18FVERSION\COMMS.ASM 195 : Illegal opcode (MessBank)
Warning[207] C:\MSTAR\MICROSTAR\PIC18FVERSION\COMMS.ASM 196 : Found label after column 1. (CLRF)
Error[122]   C:\MSTAR\MICROSTAR\PIC18FVERSION\COMMS.ASM 196 : Illegal opcode (CheckSum)
Warning[207] C:\MSTAR\MICROSTAR\PIC18FVERSION\COMMS.ASM 202 : Found label after column 1. (MOVLB)
Error[122]   C:\MSTAR\MICROSTAR\PIC18FVERSION\COMMS.ASM 202 : Illegal opcode (HIGH)
Warning[207] C:\MSTAR\MICROSTAR\PIC18FVERSION\COMMS.ASM 203 : Found label after column 1. (MOVLW)
Error[122]   C:\MSTAR\MICROSTAR\PIC18FVERSION\COMMS.ASM 203 : Illegal opcode (d)
Warning[207] C:\MSTAR\MICROSTAR\PIC18FVERSION\COMMS.ASM 204 : Found label after column 1. (MOVWF)
Error[122]   C:\MSTAR\MICROSTAR\PIC18FVERSION\COMMS.ASM 204 : Illegal opcode (TimeOut)
Warning[207] C:\MSTAR\MICROSTAR\PIC18FVERSION\COMMS.ASM 205 : Found label after column 1. (CLRF)
Error[122]   C:\MSTAR\MICROSTAR\PIC18FVERSION\COMMS.ASM 205 : Illegal opcode (WREG)
Warning[207] C:\MSTAR\MICROSTAR\PIC18FVERSION\COMMS.ASM 207 : Found label after column 1. (CPFSGT)
Error[122]   C:\MSTAR\MICROSTAR\PIC18FVERSION\COMMS.ASM 207 : Illegal opcode (TimeOut)
Warning[207] C:\MSTAR\MICROSTAR\PIC18FVERSION\COMMS.ASM 208 : Found label after column 1. (GOTO)
Error[122]   C:\MSTAR\MICROSTAR\PIC18FVERSION\COMMS.ASM 208 : Illegal opcode (UI2)
Warning[207] C:\MSTAR\MICROSTAR\PIC18FVERSION\COMMS.ASM 209 : Found label after column 1. (BTFSS)
Error[122]   C:\MSTAR\MICROSTAR\PIC18FVERSION\COMMS.ASM 209 : Illegal opcode (PIR1)
Warning[207] C:\MSTAR\MICROSTAR\PIC18FVERSION\COMMS.ASM 210 : Found label after column 1. (GOTO)
Error[122]   C:\MSTAR\MICROSTAR\PIC18FVERSION\COMMS.ASM 210 : Illegal opcode (UI1a)
Warning[207] C:\MSTAR\MICROSTAR\PIC18FVERSION\COMMS.ASM 212 : Found label after column 1. (MOVFF)
Error[122]   C:\MSTAR\MICROSTAR\PIC18FVERSION\COMMS.ASM 212 : Illegal opcode (RCREG1)
Warning[207] C:\MSTAR\MICROSTAR\PIC18FVERSION\COMMS.ASM 213 : Found label after column 1. (MOVFF)
Error[122]   C:\MSTAR\MICROSTAR\PIC18FVERSION\COMMS.ASM 213 : Illegal opcode (WREG)
Warning[207] C:\MSTAR\MICROSTAR\PIC18FVERSION\COMMS.ASM 214 : Found label after column 1. (MOVLB)
Error[122]   C:\MSTAR\MICROSTAR\PIC18FVERSION\COMMS.ASM 214 : Illegal opcode (HIGH)
Warning[207] C:\MSTAR\MICROSTAR\PIC18FVERSION\COMMS.ASM 215 : Found label after column 1. (ADDWF)
Error[122]   C:\MSTAR\MICROSTAR\PIC18FVERSION\COMMS.ASM 215 : Illegal opcode (CheckSum)
Warning[207] C:\MSTAR\MICROSTAR\PIC18FVERSION\COMMS.ASM 217 : Found label after column 1. (MOVLB)
Error[122]   C:\MSTAR\MICROSTAR\PIC18FVERSION\COMMS.ASM 217 : Illegal opcode (HIGH)
Warning[207] C:\MSTAR\MICROSTAR\PIC18FVERSION\COMMS.ASM 218 : Found label after column 1. (DECFSZ)
Error[122]   C:\MSTAR\MICROSTAR\PIC18FVERSION\COMMS.ASM 218 : Illegal opcode (MessLen)
Warning[207] C:\MSTAR\MICROSTAR\PIC18FVERSION\COMMS.ASM 219 : Found label after column 1. (GOTO)
Error[122]   C:\MSTAR\MICROSTAR\PIC18FVERSION\COMMS.ASM 219 : Illegal opcode (UI1)
Warning[207] C:\MSTAR\MICROSTAR\PIC18FVERSION\COMMS.ASM 222 : Found label after column 1. (MOVFF)
Error[122]   C:\MSTAR\MICROSTAR\PIC18FVERSION\COMMS.ASM 222 : Illegal opcode (FSR1Lsave)
Warning[207] C:\MSTAR\MICROSTAR\PIC18FVERSION\COMMS.ASM 223 : Found label after column 1. (MOVFF)
Error[122]   C:\MSTAR\MICROSTAR\PIC18FVERSION\COMMS.ASM 223 : Illegal opcode (FSR1Hsave)
Warning[207] C:\MSTAR\MICROSTAR\PIC18FVERSION\COMMS.ASM 224 : Found label after column 1. (RETURN)
Warning[207] C:\MSTAR\MICROSTAR\PIC18FVERSION\COMMS.ASM 254 : Found label after column 1. (BTFSS)
Error[122]   C:\MSTAR\MICROSTAR\PIC18FVERSION\COMMS.ASM 254 : Illegal opcode (PIR1)
Warning[207] C:\MSTAR\MICROSTAR\PIC18FVERSION\COMMS.ASM 255 : Found label after column 1. (RETURN)
Warning[207] C:\MSTAR\MICROSTAR\PIC18FVERSION\COMMS.ASM 258 : Found label after column 1. (MOVLB)
Error[122]   C:\MSTAR\MICROSTAR\PIC18FVERSION\COMMS.ASM 258 : Illegal opcode (HIGH)
Warning[207] C:\MSTAR\MICROSTAR\PIC18FVERSION\COMMS.ASM 259 : Found label after column 1. (MOVLW)
Error[108]   C:\MSTAR\MICROSTAR\PIC18FVERSION\COMMS.ASM 259 : Illegal character (0)
Warning[207] C:\MSTAR\MICROSTAR\PIC18FVERSION\COMMS.ASM 260 : Found label after column 1. (CPFSEQ)
Error[122]   C:\MSTAR\MICROSTAR\PIC18FVERSION\COMMS.ASM 260 : Illegal opcode (MessState)
Warning[207] C:\MSTAR\MICROSTAR\PIC18FVERSION\COMMS.ASM 261 : Found label after column 1. (GOTO)
Error[122]   C:\MSTAR\MICROSTAR\PIC18FVERSION\COMMS.ASM 261 : Illegal opcode (UR1)
Warning[207] C:\MSTAR\MICROSTAR\PIC18FVERSION\COMMS.ASM 263 : Found label after column 1. (MOVFF)
Error[122]   C:\MSTAR\MICROSTAR\PIC18FVERSION\COMMS.ASM 263 : Illegal opcode (RCREG1)
Warning[207] C:\MSTAR\MICROSTAR\PIC18FVERSION\COMMS.ASM 264 : Found label after column 1. (MOVFF)
Error[122]   C:\MSTAR\MICROSTAR\PIC18FVERSION\COMMS.ASM 264 : Illegal opcode (WREG)
Warning[207] C:\MSTAR\MICROSTAR\PIC18FVERSION\COMMS.ASM 265 : Found label after column 1. (MOVLW)
Error[108]   C:\MSTAR\MICROSTAR\PIC18FVERSION\COMMS.ASM 265 : Illegal character (5)
Warning[207] C:\MSTAR\MICROSTAR\PIC18FVERSION\COMMS.ASM 266 : Found label after column 1. (CPFSEQ)
Error[122]   C:\MSTAR\MICROSTAR\PIC18FVERSION\COMMS.ASM 266 : Illegal opcode (MessStart)
Warning[207] C:\MSTAR\MICROSTAR\PIC18FVERSION\COMMS.ASM 267 : Found label after column 1. (RETURN)
Warning[207] C:\MSTAR\MICROSTAR\PIC18FVERSION\COMMS.ASM 269 : Found label after column 1. (MOVLW)
Error[122]   C:\MSTAR\MICROSTAR\PIC18FVERSION\COMMS.ASM 269 : Illegal opcode (D)
Warning[207] C:\MSTAR\MICROSTAR\PIC18FVERSION\COMMS.ASM 270 : Found label after column 1. (MOVFF)
Error[122]   C:\MSTAR\MICROSTAR\PIC18FVERSION\COMMS.ASM 270 : Illegal opcode (WREG)
Warning[207] C:\MSTAR\MICROSTAR\PIC18FVERSION\COMMS.ASM 271 : Found label after column 1. (INCF)
Error[122]   C:\MSTAR\MICROSTAR\PIC18FVERSION\COMMS.ASM 271 : Illegal opcode (MessState)
Warning[207] C:\MSTAR\MICROSTAR\PIC18FVERSION\COMMS.ASM 272 : Found label after column 1. (RETURN)
Warning[207] C:\MSTAR\MICROSTAR\PIC18FVERSION\COMMS.ASM 274 : Found label after column 1. (MOVLW)
Error[108]   C:\MSTAR\MICROSTAR\PIC18FVERSION\COMMS.ASM 274 : Illegal character (1)
Warning[207] C:\MSTAR\MICROSTAR\PIC18FVERSION\COMMS.ASM 275 : Found label after column 1. (CPFSEQ)
Error[122]   C:\MSTAR\MICROSTAR\PIC18FVERSION\COMMS.ASM 275 : Illegal opcode (MessState)
Warning[207] C:\MSTAR\MICROSTAR\PIC18FVERSION\COMMS.ASM 276 : Found label after column 1. (GOTO)
Error[122]   C:\MSTAR\MICROSTAR\PIC18FVERSION\COMMS.ASM 276 : Illegal opcode (UR2)
Warning[207] C:\MSTAR\MICROSTAR\PIC18FVERSION\COMMS.ASM 278 : Found label after column 1. (MOVFF)
Error[122]   C:\MSTAR\MICROSTAR\PIC18FVERSION\COMMS.ASM 278 : Illegal opcode (RCREG1)
Warning[207] C:\MSTAR\MICROSTAR\PIC18FVERSION\COMMS.ASM 279 : Found label after column 1. (MOVFF)
Error[122]   C:\MSTAR\MICROSTAR\PIC18FVERSION\COMMS.ASM 279 : Illegal opcode (WREG)
Warning[207] C:\MSTAR\MICROSTAR\PIC18FVERSION\COMMS.ASM 280 : Found label after column 1. (INCF)
Error[122]   C:\MSTAR\MICROSTAR\PIC18FVERSION\COMMS.ASM 280 : Illegal opcode (MessState)
Warning[207] C:\MSTAR\MICROSTAR\PIC18FVERSION\COMMS.ASM 281 : Found label after column 1. (RETURN)
Warning[207] C:\MSTAR\MICROSTAR\PIC18FVERSION\COMMS.ASM 283 : Found label after column 1. (MOVLW)
Error[108]   C:\MSTAR\MICROSTAR\PIC18FVERSION\COMMS.ASM 283 : Illegal character (2)
Warning[207] C:\MSTAR\MICROSTAR\PIC18FVERSION\COMMS.ASM 284 : Found label after column 1. (CPFSEQ)
Error[122]   C:\MSTAR\MICROSTAR\PIC18FVERSION\COMMS.ASM 284 : Illegal opcode (MessState)
Warning[207] C:\MSTAR\MICROSTAR\PIC18FVERSION\COMMS.ASM 285 : Found label after column 1. (GOTO)
Error[122]   C:\MSTAR\MICROSTAR\PIC18FVERSION\COMMS.ASM 285 : Illegal opcode (UR3)
Warning[207] C:\MSTAR\MICROSTAR\PIC18FVERSION\COMMS.ASM 287 : Found label after column 1. (MOVFF)
Error[122]   C:\MSTAR\MICROSTAR\PIC18FVERSION\COMMS.ASM 287 : Illegal opcode (RCREG1)
Warning[207] C:\MSTAR\MICROSTAR\PIC18FVERSION\COMMS.ASM 288 : Found label after column 1. (MOVFF)
Error[122]   C:\MSTAR\MICROSTAR\PIC18FVERSION\COMMS.ASM 288 : Illegal opcode (WREG)
Warning[207] C:\MSTAR\MICROSTAR\PIC18FVERSION\COMMS.ASM 289 : Found label after column 1. (INCF)
Error[122]   C:\MSTAR\MICROSTAR\PIC18FVERSION\COMMS.ASM 289 : Illegal opcode (MessState)
Warning[207] C:\MSTAR\MICROSTAR\PIC18FVERSION\COMMS.ASM 290 : Found label after column 1. (RETURN)
Warning[207] C:\MSTAR\MICROSTAR\PIC18FVERSION\COMMS.ASM 292 : Found label after column 1. (MOVLW)
Error[108]   C:\MSTAR\MICROSTAR\PIC18FVERSION\COMMS.ASM 292 : Illegal character (3)
Warning[207] C:\MSTAR\MICROSTAR\PIC18FVERSION\COMMS.ASM 293 : Found label after column 1. (CPFSEQ)
Error[122]   C:\MSTAR\MICROSTAR\PIC18FVERSION\COMMS.ASM 293 : Illegal opcode (MessState)
Warning[207] C:\MSTAR\MICROSTAR\PIC18FVERSION\COMMS.ASM 294 : Found label after column 1. (GOTO)
Error[122]   C:\MSTAR\MICROSTAR\PIC18FVERSION\COMMS.ASM 294 : Illegal opcode (UR4)
Warning[207] C:\MSTAR\MICROSTAR\PIC18FVERSION\COMMS.ASM 296 : Found label after column 1. (MOVFF)
Error[122]   C:\MSTAR\MICROSTAR\PIC18FVERSION\COMMS.ASM 296 : Illegal opcode (RCREG1)
Warning[207] C:\MSTAR\MICROSTAR\PIC18FVERSION\COMMS.ASM 297 : Found label after column 1. (MOVFF)
Error[122]   C:\MSTAR\MICROSTAR\PIC18FVERSION\COMMS.ASM 297 : Illegal opcode (WREG)
Warning[207] C:\MSTAR\MICROSTAR\PIC18FVERSION\COMMS.ASM 298 : Found label after column 1. (INCF)
Error[122]   C:\MSTAR\MICROSTAR\PIC18FVERSION\COMMS.ASM 298 : Illegal opcode (MessState)
Warning[207] C:\MSTAR\MICROSTAR\PIC18FVERSION\COMMS.ASM 299 : Found label after column 1. (RETURN)
Warning[207] C:\MSTAR\MICROSTAR\PIC18FVERSION\COMMS.ASM 302 : Found label after column 1. (MOVLW)
Error[108]   C:\MSTAR\MICROSTAR\PIC18FVERSION\COMMS.ASM 302 : Illegal character (4)
Warning[207] C:\MSTAR\MICROSTAR\PIC18FVERSION\COMMS.ASM 303 : Found label after column 1. (CPFSEQ)
Error[122]   C:\MSTAR\MICROSTAR\PIC18FVERSION\COMMS.ASM 303 : Illegal opcode (MessState)
Warning[207] C:\MSTAR\MICROSTAR\PIC18FVERSION\COMMS.ASM 304 : Found label after column 1. (GOTO)
Error[122]   C:\MSTAR\MICROSTAR\PIC18FVERSION\COMMS.ASM 304 : Illegal opcode (UR5)
Warning[207] C:\MSTAR\MICROSTAR\PIC18FVERSION\COMMS.ASM 306 : Found label after column 1. (MOVFF)
Error[122]   C:\MSTAR\MICROSTAR\PIC18FVERSION\COMMS.ASM 306 : Illegal opcode (RCREG1)
Warning[207] C:\MSTAR\MICROSTAR\PIC18FVERSION\COMMS.ASM 307 : Found label after column 1. (MOVFF)
Error[122]   C:\MSTAR\MICROSTAR\PIC18FVERSION\COMMS.ASM 307 : Illegal opcode (WREG)
Warning[207] C:\MSTAR\MICROSTAR\PIC18FVERSION\COMMS.ASM 308 : Found label after column 1. (INCF)
Error[122]   C:\MSTAR\MICROSTAR\PIC18FVERSION\COMMS.ASM 308 : Illegal opcode (MessState)
Warning[207] C:\MSTAR\MICROSTAR\PIC18FVERSION\COMMS.ASM 311 : Found label after column 1. (MOVLW)
Error[108]   C:\MSTAR\MICROSTAR\PIC18FVERSION\COMMS.ASM 311 : Illegal character (5)
Warning[207] C:\MSTAR\MICROSTAR\PIC18FVERSION\COMMS.ASM 312 : Found label after column 1. (CPFSEQ)
Error[122]   C:\MSTAR\MICROSTAR\PIC18FVERSION\COMMS.ASM 312 : Illegal opcode (MessState)
Warning[207] C:\MSTAR\MICROSTAR\PIC18FVERSION\COMMS.ASM 313 : Found label after column 1. (GOTO)
Error[122]   C:\MSTAR\MICROSTAR\PIC18FVERSION\COMMS.ASM 313 : Illegal opcode (UR6)
Warning[207] C:\MSTAR\MICROSTAR\PIC18FVERSION\COMMS.ASM 318 : Found label after column 1. (MOVLW)
Error[122]   C:\MSTAR\MICROSTAR\PIC18FVERSION\COMMS.ASM 318 : Illegal opcode (RECMESS)
Warning[207] C:\MSTAR\MICROSTAR\PIC18FVERSION\COMMS.ASM 319 : Found label after column 1. (CPFSEQ)
Error[122]   C:\MSTAR\MICROSTAR\PIC18FVERSION\COMMS.ASM 319 : Illegal opcode (MessType)
Warning[207] C:\MSTAR\MICROSTAR\PIC18FVERSION\COMMS.ASM 320 : Found label after column 1. (GOTO)
Error[122]   C:\MSTAR\MICROSTAR\PIC18FVERSION\COMMS.ASM 320 : Illegal opcode (UR5a)
Warning[207] C:\MSTAR\MICROSTAR\PIC18FVERSION\COMMS.ASM 322 : Found label after column 1. (CALL)
Error[122]   C:\MSTAR\MICROSTAR\PIC18FVERSION\COMMS.ASM 322 : Illegal opcode (USART1in)
Warning[207] C:\MSTAR\MICROSTAR\PIC18FVERSION\COMMS.ASM 324 : Found label after column 1. (INCF)
Error[122]   C:\MSTAR\MICROSTAR\PIC18FVERSION\COMMS.ASM 324 : Illegal opcode (MessState)
Warning[207] C:\MSTAR\MICROSTAR\PIC18FVERSION\COMMS.ASM 325 : Found label after column 1. (RETURN)
Warning[207] C:\MSTAR\MICROSTAR\PIC18FVERSION\COMMS.ASM 327 : Found label after column 1. (MOVLW)
Error[108]   C:\MSTAR\MICROSTAR\PIC18FVERSION\COMMS.ASM 327 : Illegal character (6)
Warning[207] C:\MSTAR\MICROSTAR\PIC18FVERSION\COMMS.ASM 328 : Found label after column 1. (CPFSEQ)
Error[122]   C:\MSTAR\MICROSTAR\PIC18FVERSION\COMMS.ASM 328 : Illegal opcode (MessState)
Warning[207] C:\MSTAR\MICROSTAR\PIC18FVERSION\COMMS.ASM 329 : Found label after column 1. (GOTO)
Error[122]   C:\MSTAR\MICROSTAR\PIC18FVERSION\COMMS.ASM 329 : Illegal opcode (UR7)
Warning[207] C:\MSTAR\MICROSTAR\PIC18FVERSION\COMMS.ASM 331 : Found label after column 1. (MOVFF)
Error[122]   C:\MSTAR\MICROSTAR\PIC18FVERSION\COMMS.ASM 331 : Illegal opcode (RCREG1)
Warning[207] C:\MSTAR\MICROSTAR\PIC18FVERSION\COMMS.ASM 332 : Found label after column 1. (MOVFF)
Error[122]   C:\MSTAR\MICROSTAR\PIC18FVERSION\COMMS.ASM 332 : Illegal opcode (WREG)
Warning[207] C:\MSTAR\MICROSTAR\PIC18FVERSION\COMMS.ASM 338 : Found label after column 1. (MOVLW)
Error[122]   C:\MSTAR\MICROSTAR\PIC18FVERSION\COMMS.ASM 338 : Illegal opcode (SENDMESS)
Warning[207] C:\MSTAR\MICROSTAR\PIC18FVERSION\COMMS.ASM 339 : Found label after column 1. (CPFSEQ)
Error[122]   C:\MSTAR\MICROSTAR\PIC18FVERSION\COMMS.ASM 339 : Illegal opcode (MessType)
Warning[207] C:\MSTAR\MICROSTAR\PIC18FVERSION\COMMS.ASM 340 : Found label after column 1. (GOTO)
Error[122]   C:\MSTAR\MICROSTAR\PIC18FVERSION\COMMS.ASM 340 : Illegal opcode (UR6a)
Warning[207] C:\MSTAR\MICROSTAR\PIC18FVERSION\COMMS.ASM 341 : Found label after column 1. (CALL)
Error[122]   C:\MSTAR\MICROSTAR\PIC18FVERSION\COMMS.ASM 341 : Illegal opcode (USART1send)
Warning[207] C:\MSTAR\MICROSTAR\PIC18FVERSION\COMMS.ASM 342 : Found label after column 1. (MOVFF)
Error[122]   C:\MSTAR\MICROSTAR\PIC18FVERSION\COMMS.ASM 342 : Illegal opcode (CheckSum)
Warning[207] C:\MSTAR\MICROSTAR\PIC18FVERSION\COMMS.ASM 343 : Found label after column 1. (CALL)
Error[122]   C:\MSTAR\MICROSTAR\PIC18FVERSION\COMMS.ASM 343 : Illegal opcode (USART1sendChar)
Warning[207] C:\MSTAR\MICROSTAR\PIC18FVERSION\COMMS.ASM 344 : Found label after column 1. (CLRF)
Error[122]   C:\MSTAR\MICROSTAR\PIC18FVERSION\COMMS.ASM 344 : Illegal opcode (MessState)
Warning[207] C:\MSTAR\MICROSTAR\PIC18FVERSION\COMMS.ASM 345 : Found label after column 1. (RETURN)
Warning[207] C:\MSTAR\MICROSTAR\PIC18FVERSION\COMMS.ASM 348 : Found label after column 1. (MOVFF)
Error[122]   C:\MSTAR\MICROSTAR\PIC18FVERSION\COMMS.ASM 348 : Illegal opcode (CheckSum)
Warning[207] C:\MSTAR\MICROSTAR\PIC18FVERSION\COMMS.ASM 349 : Found label after column 1. (CPFSEQ)
Error[122]   C:\MSTAR\MICROSTAR\PIC18FVERSION\COMMS.ASM 349 : Illegal opcode (MessCHK)
Warning[207] C:\MSTAR\MICROSTAR\PIC18FVERSION\COMMS.ASM 350 : Found label after column 1. (GOTO)
Error[122]   C:\MSTAR\MICROSTAR\PIC18FVERSION\COMMS.ASM 350 : Illegal opcode (UR6b)
Warning[207] C:\MSTAR\MICROSTAR\PIC18FVERSION\COMMS.ASM 351 : Found label after column 1. (MOVLW)
Error[122]   C:\MSTAR\MICROSTAR\PIC18FVERSION\COMMS.ASM 351 : Illegal opcode (ACK)
Warning[207] C:\MSTAR\MICROSTAR\PIC18FVERSION\COMMS.ASM 352 : Found label after column 1. (CALL)
Error[122]   C:\MSTAR\MICROSTAR\PIC18FVERSION\COMMS.ASM 352 : Illegal opcode (USART1sendChar)
Warning[207] C:\MSTAR\MICROSTAR\PIC18FVERSION\COMMS.ASM 353 : Found label after column 1. (CLRF)
Error[122]   C:\MSTAR\MICROSTAR\PIC18FVERSION\COMMS.ASM 353 : Illegal opcode (MessState)
Warning[207] C:\MSTAR\MICROSTAR\PIC18FVERSION\COMMS.ASM 354 : Found label after column 1. (RETURN)
Warning[207] C:\MSTAR\MICROSTAR\PIC18FVERSION\COMMS.ASM 356 : Found label after column 1. (MOVLW)
Error[122]   C:\MSTAR\MICROSTAR\PIC18FVERSION\COMMS.ASM 356 : Illegal opcode (NAK)
Warning[207] C:\MSTAR\MICROSTAR\PIC18FVERSION\COMMS.ASM 357 : Found label after column 1. (CALL)
Error[122]   C:\MSTAR\MICROSTAR\PIC18FVERSION\COMMS.ASM 357 : Illegal opcode (USART1sendChar)
Warning[207] C:\MSTAR\MICROSTAR\PIC18FVERSION\COMMS.ASM 358 : Found label after column 1. (CLRF)
Error[122]   C:\MSTAR\MICROSTAR\PIC18FVERSION\COMMS.ASM 358 : Illegal opcode (MessState)
Warning[207] C:\MSTAR\MICROSTAR\PIC18FVERSION\COMMS.ASM 359 : Found label after column 1. (RETURN)
Warning[207] C:\MSTAR\MICROSTAR\PIC18FVERSION\COMMS.ASM 362 : Found label after column 1. (CLRF)
Error[122]   C:\MSTAR\MICROSTAR\PIC18FVERSION\COMMS.ASM 362 : Illegal opcode (MessState)
Warning[207] C:\MSTAR\MICROSTAR\PIC18FVERSION\COMMS.ASM 363 : Found label after column 1. (RETURN)
Warning[207] C:\MSTAR\MICROSTAR\PIC18FVERSION\COMMS.ASM 372 : Found label after column 1. (BTFSS)
Error[122]   C:\MSTAR\MICROSTAR\PIC18FVERSION\COMMS.ASM 372 : Illegal opcode (PIR3)
Warning[207] C:\MSTAR\MICROSTAR\PIC18FVERSION\COMMS.ASM 373 : Found label after column 1. (RETURN)
Warning[207] C:\MSTAR\MICROSTAR\PIC18FVERSION\COMMS.ASM 374 : Found label after column 1. (MOVFF)
Error[122]   C:\MSTAR\MICROSTAR\PIC18FVERSION\COMMS.ASM 374 : Illegal opcode (RCREG2)
Warning[207] C:\MSTAR\MICROSTAR\PIC18FVERSION\COMMS.ASM 376 : Found label after column 1. (MOVLB)
Error[122]   C:\MSTAR\MICROSTAR\PIC18FVERSION\COMMS.ASM 376 : Illegal opcode (HIGH)
Warning[207] C:\MSTAR\MICROSTAR\PIC18FVERSION\COMMS.ASM 377 : Found label after column 1. (BTFSC)
Error[122]   C:\MSTAR\MICROSTAR\PIC18FVERSION\COMMS.ASM 377 : Illegal opcode (Master)
Warning[207] C:\MSTAR\MICROSTAR\PIC18FVERSION\COMMS.ASM 378 : Found label after column 1. (GOTO)
Error[122]   C:\MSTAR\MICROSTAR\PIC18FVERSION\COMMS.ASM 378 : Illegal opcode (MasterISR)
Warning[207] C:\MSTAR\MICROSTAR\PIC18FVERSION\COMMS.ASM 380 : Found label after column 1. (XORLW)
Error[108]   C:\MSTAR\MICROSTAR\PIC18FVERSION\COMMS.ASM 380 : Illegal character (')
Warning[207] C:\MSTAR\MICROSTAR\PIC18FVERSION\COMMS.ASM 381 : Found label after column 1. (BTFSS)
Error[122]   C:\MSTAR\MICROSTAR\PIC18FVERSION\COMMS.ASM 381 : Illegal opcode (ALUSTA)
Warning[207] C:\MSTAR\MICROSTAR\PIC18FVERSION\COMMS.ASM 382 : Found label after column 1. (RETURN)
Warning[207] C:\MSTAR\MICROSTAR\PIC18FVERSION\COMMS.ASM 384 : Found label after column 1. (MOVLB)
Error[122]   C:\MSTAR\MICROSTAR\PIC18FVERSION\COMMS.ASM 384 : Illegal opcode (HIGH)
Warning[207] C:\MSTAR\MICROSTAR\PIC18FVERSION\COMMS.ASM 385 : Found label after column 1. (BTFSS)
Error[122]   C:\MSTAR\MICROSTAR\PIC18FVERSION\COMMS.ASM 385 : Illegal opcode (Student)
Warning[207] C:\MSTAR\MICROSTAR\PIC18FVERSION\COMMS.ASM 386 : Found label after column 1. (RETURN)
Warning[207] C:\MSTAR\MICROSTAR\PIC18FVERSION\COMMS.ASM 389 : Found label after column 1. (MOVLB)
Error[122]   C:\MSTAR\MICROSTAR\PIC18FVERSION\COMMS.ASM 389 : Illegal opcode (HIGH)
Warning[207] C:\MSTAR\MICROSTAR\PIC18FVERSION\COMMS.ASM 390 : Found label after column 1. (MOVLW)
Error[108]   C:\MSTAR\MICROSTAR\PIC18FVERSION\COMMS.ASM 390 : Illegal character (0)
Warning[207] C:\MSTAR\MICROSTAR\PIC18FVERSION\COMMS.ASM 391 : Found label after column 1. (ANDWF)
Error[122]   C:\MSTAR\MICROSTAR\PIC18FVERSION\COMMS.ASM 391 : Illegal opcode (Apos)
Warning[207] C:\MSTAR\MICROSTAR\PIC18FVERSION\COMMS.ASM 392 : Found label after column 1. (IORLW)
Error[108]   C:\MSTAR\MICROSTAR\PIC18FVERSION\COMMS.ASM 392 : Illegal character (1)
Warning[207] C:\MSTAR\MICROSTAR\PIC18FVERSION\COMMS.ASM 393 : Found label after column 1. (CALL)
Error[122]   C:\MSTAR\MICROSTAR\PIC18FVERSION\COMMS.ASM 393 : Illegal opcode (USART2sendChar)
Warning[207] C:\MSTAR\MICROSTAR\PIC18FVERSION\COMMS.ASM 394 : Found label after column 1. (MOVFF)
Error[122]   C:\MSTAR\MICROSTAR\PIC18FVERSION\COMMS.ASM 394 : Illegal opcode (Apos)
Warning[207] C:\MSTAR\MICROSTAR\PIC18FVERSION\COMMS.ASM 395 : Found label after column 1. (CALL)
Error[122]   C:\MSTAR\MICROSTAR\PIC18FVERSION\COMMS.ASM 395 : Illegal opcode (USART2sendChar)
Warning[207] C:\MSTAR\MICROSTAR\PIC18FVERSION\COMMS.ASM 397 : Found label after column 1. (MOVLB)
Error[122]   C:\MSTAR\MICROSTAR\PIC18FVERSION\COMMS.ASM 397 : Illegal opcode (HIGH)
Warning[207] C:\MSTAR\MICROSTAR\PIC18FVERSION\COMMS.ASM 398 : Found label after column 1. (MOVLW)
Error[108]   C:\MSTAR\MICROSTAR\PIC18FVERSION\COMMS.ASM 398 : Illegal character (0)
Warning[207] C:\MSTAR\MICROSTAR\PIC18FVERSION\COMMS.ASM 399 : Found label after column 1. (ANDWF)
Error[122]   C:\MSTAR\MICROSTAR\PIC18FVERSION\COMMS.ASM 399 : Illegal opcode (Epos)
Warning[207] C:\MSTAR\MICROSTAR\PIC18FVERSION\COMMS.ASM 400 : Found label after column 1. (IORLW)
Error[108]   C:\MSTAR\MICROSTAR\PIC18FVERSION\COMMS.ASM 400 : Illegal character (2)
Warning[207] C:\MSTAR\MICROSTAR\PIC18FVERSION\COMMS.ASM 401 : Found label after column 1. (CALL)
Error[122]   C:\MSTAR\MICROSTAR\PIC18FVERSION\COMMS.ASM 401 : Illegal opcode (USART2sendChar)
Warning[207] C:\MSTAR\MICROSTAR\PIC18FVERSION\COMMS.ASM 402 : Found label after column 1. (MOVF)
Error[122]   C:\MSTAR\MICROSTAR\PIC18FVERSION\COMMS.ASM 402 : Illegal opcode (Epos)
Warning[207] C:\MSTAR\MICROSTAR\PIC18FVERSION\COMMS.ASM 403 : Found label after column 1. (CALL)
Error[122]   C:\MSTAR\MICROSTAR\PIC18FVERSION\COMMS.ASM 403 : Illegal opcode (USART2sendChar)
Warning[207] C:\MSTAR\MICROSTAR\PIC18FVERSION\COMMS.ASM 405 : Found label after column 1. (MOVLB)
Error[122]   C:\MSTAR\MICROSTAR\PIC18FVERSION\COMMS.ASM 405 : Illegal opcode (HIGH)
Warning[207] C:\MSTAR\MICROSTAR\PIC18FVERSION\COMMS.ASM 406 : Found label after column 1. (MOVLW)
Error[108]   C:\MSTAR\MICROSTAR\PIC18FVERSION\COMMS.ASM 406 : Illegal character (0)
Warning[207] C:\MSTAR\MICROSTAR\PIC18FVERSION\COMMS.ASM 407 : Found label after column 1. (ANDWF)
Error[122]   C:\MSTAR\MICROSTAR\PIC18FVERSION\COMMS.ASM 407 : Illegal opcode (Rpos)
Warning[207] C:\MSTAR\MICROSTAR\PIC18FVERSION\COMMS.ASM 408 : Found label after column 1. (IORLW)
Error[108]   C:\MSTAR\MICROSTAR\PIC18FVERSION\COMMS.ASM 408 : Illegal character (3)
Warning[207] C:\MSTAR\MICROSTAR\PIC18FVERSION\COMMS.ASM 409 : Found label after column 1. (CALL)
Error[122]   C:\MSTAR\MICROSTAR\PIC18FVERSION\COMMS.ASM 409 : Illegal opcode (USART2sendChar)
Warning[207] C:\MSTAR\MICROSTAR\PIC18FVERSION\COMMS.ASM 410 : Found label after column 1. (MOVF)
Error[122]   C:\MSTAR\MICROSTAR\PIC18FVERSION\COMMS.ASM 410 : Illegal opcode (Rpos)
Warning[207] C:\MSTAR\MICROSTAR\PIC18FVERSION\COMMS.ASM 411 : Found label after column 1. (CALL)
Error[122]   C:\MSTAR\MICROSTAR\PIC18FVERSION\COMMS.ASM 411 : Illegal opcode (USART2sendChar)
Warning[207] C:\MSTAR\MICROSTAR\PIC18FVERSION\COMMS.ASM 413 : Found label after column 1. (MOVLB)
Error[122]   C:\MSTAR\MICROSTAR\PIC18FVERSION\COMMS.ASM 413 : Illegal opcode (HIGH)
Warning[207] C:\MSTAR\MICROSTAR\PIC18FVERSION\COMMS.ASM 414 : Found label after column 1. (MOVLW)
Error[108]   C:\MSTAR\MICROSTAR\PIC18FVERSION\COMMS.ASM 414 : Illegal character (0)
Warning[207] C:\MSTAR\MICROSTAR\PIC18FVERSION\COMMS.ASM 415 : Found label after column 1. (ANDWF)
Error[122]   C:\MSTAR\MICROSTAR\PIC18FVERSION\COMMS.ASM 415 : Illegal opcode (Tpos)
Warning[207] C:\MSTAR\MICROSTAR\PIC18FVERSION\COMMS.ASM 416 : Found label after column 1. (IORLW)
Error[108]   C:\MSTAR\MICROSTAR\PIC18FVERSION\COMMS.ASM 416 : Illegal character (4)
Warning[207] C:\MSTAR\MICROSTAR\PIC18FVERSION\COMMS.ASM 417 : Found label after column 1. (CALL)
Error[122]   C:\MSTAR\MICROSTAR\PIC18FVERSION\COMMS.ASM 417 : Illegal opcode (USART2sendChar)
Warning[207] C:\MSTAR\MICROSTAR\PIC18FVERSION\COMMS.ASM 418 : Found label after column 1. (MOVF)
Error[122]   C:\MSTAR\MICROSTAR\PIC18FVERSION\COMMS.ASM 418 : Illegal opcode (Tpos)
Warning[207] C:\MSTAR\MICROSTAR\PIC18FVERSION\COMMS.ASM 419 : Found label after column 1. (CALL)
Error[122]   C:\MSTAR\MICROSTAR\PIC18FVERSION\COMMS.ASM 419 : Illegal opcode (USART2sendChar)
Warning[207] C:\MSTAR\MICROSTAR\PIC18FVERSION\COMMS.ASM 420 : Found label after column 1. (RETURN)
Warning[207] C:\MSTAR\MICROSTAR\PIC18FVERSION\COMMS.ASM 425 : Found label after column 1. (MOVLB)
Error[122]   C:\MSTAR\MICROSTAR\PIC18FVERSION\COMMS.ASM 425 : Illegal opcode (HIGH)
Warning[207] C:\MSTAR\MICROSTAR\PIC18FVERSION\COMMS.ASM 426 : Found label after column 1. (BTFSC)
Error[122]   C:\MSTAR\MICROSTAR\PIC18FVERSION\COMMS.ASM 426 : Illegal opcode (MasterState)
Warning[207] C:\MSTAR\MICROSTAR\PIC18FVERSION\COMMS.ASM 427 : Found label after column 1. (GOTO)
Error[122]   C:\MSTAR\MICROSTAR\PIC18FVERSION\COMMS.ASM 427 : Illegal opcode (MasterState1)
Warning[207] C:\MSTAR\MICROSTAR\PIC18FVERSION\COMMS.ASM 429 : Found label after column 1. (MOVWF)
Error[122]   C:\MSTAR\MICROSTAR\PIC18FVERSION\COMMS.ASM 429 : Illegal opcode (MasterPos)
Warning[207] C:\MSTAR\MICROSTAR\PIC18FVERSION\COMMS.ASM 430 : Found label after column 1. (INCF)
Error[122]   C:\MSTAR\MICROSTAR\PIC18FVERSION\COMMS.ASM 430 : Illegal opcode (MasterState)
Warning[207] C:\MSTAR\MICROSTAR\PIC18FVERSION\COMMS.ASM 431 : Found label after column 1. (RETURN)
Warning[207] C:\MSTAR\MICROSTAR\PIC18FVERSION\COMMS.ASM 433 : Found label after column 1. (MOVWF)
Error[122]   C:\MSTAR\MICROSTAR\PIC18FVERSION\COMMS.ASM 433 : Illegal opcode (MasterPos)
Warning[207] C:\MSTAR\MICROSTAR\PIC18FVERSION\COMMS.ASM 434 : Found label after column 1. (INCF)
Error[122]   C:\MSTAR\MICROSTAR\PIC18FVERSION\COMMS.ASM 434 : Illegal opcode (MasterState)
Warning[207] C:\MSTAR\MICROSTAR\PIC18FVERSION\COMMS.ASM 436 : Found label after column 1. (MOVLW)
Error[108]   C:\MSTAR\MICROSTAR\PIC18FVERSION\COMMS.ASM 436 : Illegal character (2)
Warning[207] C:\MSTAR\MICROSTAR\PIC18FVERSION\COMMS.ASM 437 : Found label after column 1. (CPFSEQ)
Error[122]   C:\MSTAR\MICROSTAR\PIC18FVERSION\COMMS.ASM 437 : Illegal opcode (MasterState)
Warning[207] C:\MSTAR\MICROSTAR\PIC18FVERSION\COMMS.ASM 438 : Found label after column 1. (GOTO)
Error[122]   C:\MSTAR\MICROSTAR\PIC18FVERSION\COMMS.ASM 438 : Illegal opcode (MS2)
Warning[207] C:\MSTAR\MICROSTAR\PIC18FVERSION\COMMS.ASM 440 : Found label after column 1. (MOVF)
Error[122]   C:\MSTAR\MICROSTAR\PIC18FVERSION\COMMS.ASM 440 : Illegal opcode (MasterPos)
Warning[207] C:\MSTAR\MICROSTAR\PIC18FVERSION\COMMS.ASM 441 : Found label after column 1. (ANDLW)
Error[108]   C:\MSTAR\MICROSTAR\PIC18FVERSION\COMMS.ASM 441 : Illegal character (0)
Warning[207] C:\MSTAR\MICROSTAR\PIC18FVERSION\COMMS.ASM 442 : Found label after column 1. (XORLW)
Error[108]   C:\MSTAR\MICROSTAR\PIC18FVERSION\COMMS.ASM 442 : Illegal character (0)
Warning[207] C:\MSTAR\MICROSTAR\PIC18FVERSION\COMMS.ASM 443 : Found label after column 1. (BTFSS)
Error[122]   C:\MSTAR\MICROSTAR\PIC18FVERSION\COMMS.ASM 443 : Illegal opcode (ALUSTA)
Warning[207] C:\MSTAR\MICROSTAR\PIC18FVERSION\COMMS.ASM 444 : Found label after column 1. (GOTO)
Error[122]   C:\MSTAR\MICROSTAR\PIC18FVERSION\COMMS.ASM 444 : Illegal opcode (MS5)
Warning[207] C:\MSTAR\MICROSTAR\PIC18FVERSION\COMMS.ASM 445 : Found label after column 1. (MOVLW)
Error[108]   C:\MSTAR\MICROSTAR\PIC18FVERSION\COMMS.ASM 445 : Illegal character (0)
Warning[207] C:\MSTAR\MICROSTAR\PIC18FVERSION\COMMS.ASM 446 : Found label after column 1. (ANDWF)
Error[122]   C:\MSTAR\MICROSTAR\PIC18FVERSION\COMMS.ASM 446 : Illegal opcode (MasterPos)
Warning[207] C:\MSTAR\MICROSTAR\PIC18FVERSION\COMMS.ASM 447 : Found label after column 1. (BTFSS)
Error[122]   C:\MSTAR\MICROSTAR\PIC18FVERSION\COMMS.ASM 447 : Illegal opcode (MasterPos)
Warning[207] C:\MSTAR\MICROSTAR\PIC18FVERSION\COMMS.ASM 448 : Found label after column 1. (GOTO)
Error[122]   C:\MSTAR\MICROSTAR\PIC18FVERSION\COMMS.ASM 448 : Illegal opcode (MS1a)
Warning[207] C:\MSTAR\MICROSTAR\PIC18FVERSION\COMMS.ASM 449 : Found label after column 1. (MOVLW)
Error[108]   C:\MSTAR\MICROSTAR\PIC18FVERSION\COMMS.ASM 449 : Illegal character (0)
Warning[207] C:\MSTAR\MICROSTAR\PIC18FVERSION\COMMS.ASM 450 : Found label after column 1. (IORWF)
Error[122]   C:\MSTAR\MICROSTAR\PIC18FVERSION\COMMS.ASM 450 : Illegal opcode (MasterPos)
Warning[207] C:\MSTAR\MICROSTAR\PIC18FVERSION\COMMS.ASM 452 : Found label after column 1. (MOVE)
Error[122]   C:\MSTAR\MICROSTAR\PIC18FVERSION\COMMS.ASM 452 : Illegal opcode (MasterPos)
Warning[207] C:\MSTAR\MICROSTAR\PIC18FVERSION\COMMS.ASM 453 : Found label after column 1. (GOTO)
Error[122]   C:\MSTAR\MICROSTAR\PIC18FVERSION\COMMS.ASM 453 : Illegal opcode (MS5)
Warning[207] C:\MSTAR\MICROSTAR\PIC18FVERSION\COMMS.ASM 455 : Found label after column 1. (MOVLW)
Error[108]   C:\MSTAR\MICROSTAR\PIC18FVERSION\COMMS.ASM 455 : Illegal character (4)
Warning[207] C:\MSTAR\MICROSTAR\PIC18FVERSION\COMMS.ASM 456 : Found label after column 1. (CPFSEQ)
Error[122]   C:\MSTAR\MICROSTAR\PIC18FVERSION\COMMS.ASM 456 : Illegal opcode (MasterState)
Warning[207] C:\MSTAR\MICROSTAR\PIC18FVERSION\COMMS.ASM 457 : Found label after column 1. (GOTO)
Error[122]   C:\MSTAR\MICROSTAR\PIC18FVERSION\COMMS.ASM 457 : Illegal opcode (MS3)
Warning[207] C:\MSTAR\MICROSTAR\PIC18FVERSION\COMMS.ASM 459 : Found label after column 1. (MOVF)
Error[122]   C:\MSTAR\MICROSTAR\PIC18FVERSION\COMMS.ASM 459 : Illegal opcode (MasterPos)
Warning[207] C:\MSTAR\MICROSTAR\PIC18FVERSION\COMMS.ASM 460 : Found label after column 1. (ANDLW)
Error[108]   C:\MSTAR\MICROSTAR\PIC18FVERSION\COMMS.ASM 460 : Illegal character (0)
Warning[207] C:\MSTAR\MICROSTAR\PIC18FVERSION\COMMS.ASM 461 : Found label after column 1. (XORLW)
Error[108]   C:\MSTAR\MICROSTAR\PIC18FVERSION\COMMS.ASM 461 : Illegal character (0)
Warning[207] C:\MSTAR\MICROSTAR\PIC18FVERSION\COMMS.ASM 462 : Found label after column 1. (BTFSS)
Error[122]   C:\MSTAR\MICROSTAR\PIC18FVERSION\COMMS.ASM 462 : Illegal opcode (ALUSTA)
Warning[207] C:\MSTAR\MICROSTAR\PIC18FVERSION\COMMS.ASM 463 : Found label after column 1. (GOTO)
Error[122]   C:\MSTAR\MICROSTAR\PIC18FVERSION\COMMS.ASM 463 : Illegal opcode (MS5)
Warning[207] C:\MSTAR\MICROSTAR\PIC18FVERSION\COMMS.ASM 464 : Found label after column 1. (MOVLW)
Error[108]   C:\MSTAR\MICROSTAR\PIC18FVERSION\COMMS.ASM 464 : Illegal character (0)
Warning[207] C:\MSTAR\MICROSTAR\PIC18FVERSION\COMMS.ASM 465 : Found label after column 1. (ANDWF)
Error[122]   C:\MSTAR\MICROSTAR\PIC18FVERSION\COMMS.ASM 465 : Illegal opcode (MasterPos)
Warning[207] C:\MSTAR\MICROSTAR\PIC18FVERSION\COMMS.ASM 466 : Found label after column 1. (BTFSS)
Error[122]   C:\MSTAR\MICROSTAR\PIC18FVERSION\COMMS.ASM 466 : Illegal opcode (MasterPos)
Warning[207] C:\MSTAR\MICROSTAR\PIC18FVERSION\COMMS.ASM 467 : Found label after column 1. (GOTO)
Error[122]   C:\MSTAR\MICROSTAR\PIC18FVERSION\COMMS.ASM 467 : Illegal opcode (MS2a)
Warning[207] C:\MSTAR\MICROSTAR\PIC18FVERSION\COMMS.ASM 468 : Found label after column 1. (MOVLW)
Error[108]   C:\MSTAR\MICROSTAR\PIC18FVERSION\COMMS.ASM 468 : Illegal character (0)
Warning[207] C:\MSTAR\MICROSTAR\PIC18FVERSION\COMMS.ASM 469 : Found label after column 1. (IORWF)
Error[122]   C:\MSTAR\MICROSTAR\PIC18FVERSION\COMMS.ASM 469 : Illegal opcode (MasterPos)
Warning[207] C:\MSTAR\MICROSTAR\PIC18FVERSION\COMMS.ASM 471 : Found label after column 1. (MOVE)
Error[122]   C:\MSTAR\MICROSTAR\PIC18FVERSION\COMMS.ASM 471 : Illegal opcode (MasterPos)
Warning[207] C:\MSTAR\MICROSTAR\PIC18FVERSION\COMMS.ASM 472 : Found label after column 1. (GOTO)
Error[122]   C:\MSTAR\MICROSTAR\PIC18FVERSION\COMMS.ASM 472 : Illegal opcode (MS5)
Warning[207] C:\MSTAR\MICROSTAR\PIC18FVERSION\COMMS.ASM 474 : Found label after column 1. (MOVLW)
Error[108]   C:\MSTAR\MICROSTAR\PIC18FVERSION\COMMS.ASM 474 : Illegal character (6)
Warning[207] C:\MSTAR\MICROSTAR\PIC18FVERSION\COMMS.ASM 475 : Found label after column 1. (CPFSEQ)
Error[122]   C:\MSTAR\MICROSTAR\PIC18FVERSION\COMMS.ASM 475 : Illegal opcode (MasterState)
Warning[207] C:\MSTAR\MICROSTAR\PIC18FVERSION\COMMS.ASM 476 : Found label after column 1. (GOTO)
Error[122]   C:\MSTAR\MICROSTAR\PIC18FVERSION\COMMS.ASM 476 : Illegal opcode (MS4)
Warning[207] C:\MSTAR\MICROSTAR\PIC18FVERSION\COMMS.ASM 478 : Found label after column 1. (MOVF)
Error[122]   C:\MSTAR\MICROSTAR\PIC18FVERSION\COMMS.ASM 478 : Illegal opcode (MasterPos)
Warning[207] C:\MSTAR\MICROSTAR\PIC18FVERSION\COMMS.ASM 479 : Found label after column 1. (ANDLW)
Error[108]   C:\MSTAR\MICROSTAR\PIC18FVERSION\COMMS.ASM 479 : Illegal character (0)
Warning[207] C:\MSTAR\MICROSTAR\PIC18FVERSION\COMMS.ASM 480 : Found label after column 1. (XORLW)
Error[108]   C:\MSTAR\MICROSTAR\PIC18FVERSION\COMMS.ASM 480 : Illegal character (0)
Warning[207] C:\MSTAR\MICROSTAR\PIC18FVERSION\COMMS.ASM 481 : Found label after column 1. (BTFSS)
Error[122]   C:\MSTAR\MICROSTAR\PIC18FVERSION\COMMS.ASM 481 : Illegal opcode (ALUSTA)
Warning[207] C:\MSTAR\MICROSTAR\PIC18FVERSION\COMMS.ASM 482 : Found label after column 1. (GOTO)
Error[122]   C:\MSTAR\MICROSTAR\PIC18FVERSION\COMMS.ASM 482 : Illegal opcode (MS5)
Warning[207] C:\MSTAR\MICROSTAR\PIC18FVERSION\COMMS.ASM 483 : Found label after column 1. (MOVLW)
Error[108]   C:\MSTAR\MICROSTAR\PIC18FVERSION\COMMS.ASM 483 : Illegal character (0)
Warning[207] C:\MSTAR\MICROSTAR\PIC18FVERSION\COMMS.ASM 484 : Found label after column 1. (ANDWF)
Error[122]   C:\MSTAR\MICROSTAR\PIC18FVERSION\COMMS.ASM 484 : Illegal opcode (MasterPos)
Warning[207] C:\MSTAR\MICROSTAR\PIC18FVERSION\COMMS.ASM 485 : Found label after column 1. (BTFSS)
Error[122]   C:\MSTAR\MICROSTAR\PIC18FVERSION\COMMS.ASM 485 : Illegal opcode (MasterPos)
Warning[207] C:\MSTAR\MICROSTAR\PIC18FVERSION\COMMS.ASM 486 : Found label after column 1. (GOTO)
Error[122]   C:\MSTAR\MICROSTAR\PIC18FVERSION\COMMS.ASM 486 : Illegal opcode (MS3a)
Warning[207] C:\MSTAR\MICROSTAR\PIC18FVERSION\COMMS.ASM 487 : Found label after column 1. (MOVLW)
Error[108]   C:\MSTAR\MICROSTAR\PIC18FVERSION\COMMS.ASM 487 : Illegal character (0)
Warning[207] C:\MSTAR\MICROSTAR\PIC18FVERSION\COMMS.ASM 488 : Found label after column 1. (IORWF)
Error[122]   C:\MSTAR\MICROSTAR\PIC18FVERSION\COMMS.ASM 488 : Illegal opcode (MasterPos)
Warning[207] C:\MSTAR\MICROSTAR\PIC18FVERSION\COMMS.ASM 490 : Found label after column 1. (MOVE)
Error[122]   C:\MSTAR\MICROSTAR\PIC18FVERSION\COMMS.ASM 490 : Illegal opcode (MasterPos)
Warning[207] C:\MSTAR\MICROSTAR\PIC18FVERSION\COMMS.ASM 491 : Found label after column 1. (GOTO)
Error[122]   C:\MSTAR\MICROSTAR\PIC18FVERSION\COMMS.ASM 491 : Illegal opcode (MS5)
Warning[207] C:\MSTAR\MICROSTAR\PIC18FVERSION\COMMS.ASM 493 : Found label after column 1. (MOVLW)
Error[108]   C:\MSTAR\MICROSTAR\PIC18FVERSION\COMMS.ASM 493 : Illegal character (8)
Warning[207] C:\MSTAR\MICROSTAR\PIC18FVERSION\COMMS.ASM 494 : Found label after column 1. (CPFSEQ)
Error[122]   C:\MSTAR\MICROSTAR\PIC18FVERSION\COMMS.ASM 494 : Illegal opcode (MasterState)
Warning[207] C:\MSTAR\MICROSTAR\PIC18FVERSION\COMMS.ASM 495 : Found label after column 1. (GOTO)
Error[122]   C:\MSTAR\MICROSTAR\PIC18FVERSION\COMMS.ASM 495 : Illegal opcode (MS5)
Warning[207] C:\MSTAR\MICROSTAR\PIC18FVERSION\COMMS.ASM 497 : Found label after column 1. (MOVF)
Error[122]   C:\MSTAR\MICROSTAR\PIC18FVERSION\COMMS.ASM 497 : Illegal opcode (MasterPos)
Warning[207] C:\MSTAR\MICROSTAR\PIC18FVERSION\COMMS.ASM 498 : Found label after column 1. (ANDLW)
Error[108]   C:\MSTAR\MICROSTAR\PIC18FVERSION\COMMS.ASM 498 : Illegal character (0)
Warning[207] C:\MSTAR\MICROSTAR\PIC18FVERSION\COMMS.ASM 499 : Found label after column 1. (XORLW)
Error[108]   C:\MSTAR\MICROSTAR\PIC18FVERSION\COMMS.ASM 499 : Illegal character (0)
Warning[207] C:\MSTAR\MICROSTAR\PIC18FVERSION\COMMS.ASM 500 : Found label after column 1. (BTFSS)
Error[122]   C:\MSTAR\MICROSTAR\PIC18FVERSION\COMMS.ASM 500 : Illegal opcode (ALUSTA)
Warning[207] C:\MSTAR\MICROSTAR\PIC18FVERSION\COMMS.ASM 501 : Found label after column 1. (GOTO)
Error[122]   C:\MSTAR\MICROSTAR\PIC18FVERSION\COMMS.ASM 501 : Illegal opcode (MS5)
Warning[207] C:\MSTAR\MICROSTAR\PIC18FVERSION\COMMS.ASM 502 : Found label after column 1. (MOVLW)
Error[108]   C:\MSTAR\MICROSTAR\PIC18FVERSION\COMMS.ASM 502 : Illegal character (0)
Warning[207] C:\MSTAR\MICROSTAR\PIC18FVERSION\COMMS.ASM 503 : Found label after column 1. (ANDWF)
Error[122]   C:\MSTAR\MICROSTAR\PIC18FVERSION\COMMS.ASM 503 : Illegal opcode (MasterPos)
Warning[207] C:\MSTAR\MICROSTAR\PIC18FVERSION\COMMS.ASM 504 : Found label after column 1. (BTFSS)
Error[122]   C:\MSTAR\MICROSTAR\PIC18FVERSION\COMMS.ASM 504 : Illegal opcode (MasterPos)
Warning[207] C:\MSTAR\MICROSTAR\PIC18FVERSION\COMMS.ASM 505 : Found label after column 1. (GOTO)
Error[122]   C:\MSTAR\MICROSTAR\PIC18FVERSION\COMMS.ASM 505 : Illegal opcode (MS4a)
Warning[207] C:\MSTAR\MICROSTAR\PIC18FVERSION\COMMS.ASM 506 : Found label after column 1. (MOVLW)
Error[108]   C:\MSTAR\MICROSTAR\PIC18FVERSION\COMMS.ASM 506 : Illegal character (0)
Warning[207] C:\MSTAR\MICROSTAR\PIC18FVERSION\COMMS.ASM 507 : Found label after column 1. (IORWF)
Error[122]   C:\MSTAR\MICROSTAR\PIC18FVERSION\COMMS.ASM 507 : Illegal opcode (MasterPos)
Warning[207] C:\MSTAR\MICROSTAR\PIC18FVERSION\COMMS.ASM 509 : Found label after column 1. (MOVE)
Error[122]   C:\MSTAR\MICROSTAR\PIC18FVERSION\COMMS.ASM 509 : Illegal opcode (MasterPos)
Warning[207] C:\MSTAR\MICROSTAR\PIC18FVERSION\COMMS.ASM 510 : Found label after column 1. (GOTO)
Error[122]   C:\MSTAR\MICROSTAR\PIC18FVERSION\COMMS.ASM 510 : Illegal opcode (MS5)
Warning[207] C:\MSTAR\MICROSTAR\PIC18FVERSION\COMMS.ASM 512 : Found label after column 1. (RETURN)
Error[129]   C:\MSTAR\MICROSTAR\PIC18FVERSION\COMMS.ASM 513 : Expected (END)
Error[131]   C:\MSTAR\MICROSTAR\PIC18FVERSION\COMMS.ASM 513 : Processor type is undefined
